c:\users\cheet\onedrive - universidad peruana de ciencias\upc\2017-2\complejidad algorítmica\trabajo final\project9\project9\x64\debug\vc141.pdb
c:\users\cheet\onedrive - universidad peruana de ciencias\upc\2017-2\complejidad algorítmica\trabajo final\project9\project9\x64\debug\myform.obj
c:\users\cheet\documents\development\complejidad algoritmica\trabajo final\project9\x64\debug\vc141.pdb
c:\users\cheet\documents\development\complejidad algoritmica\trabajo final\project9\x64\debug\myform.obj
c:\users\cheet\documents\development\complejidad algoritmica\trabajo final\project9\x64\debug\.netframework,version=v4.0.assemblyattributes.obj
c:\users\cheet\documents\development\complejidad algoritmica\trabajo final\project9\x64\debug\.netframework,version=v4.0.assemblyattributes.asm
c:\users\cheet\onedrive - universidad peruana de ciencias\upc\2017-2\complejidad algorítmica\trabajo final\project9\x64\debug\project9.exe
c:\users\cheet\onedrive - universidad peruana de ciencias\upc\2017-2\complejidad algorítmica\trabajo final\project9\x64\debug\project9.pdb
c:\users\cheet\documents\development\complejidad algoritmica\trabajo final\x64\debug\project9.exe
c:\users\cheet\documents\development\complejidad algoritmica\trabajo final\x64\debug\project9.pdb
c:\users\cheet\onedrive - universidad peruana de ciencias\upc\2017-2\complejidad algorítmica\trabajo final\project9\project9\x64\debug\project9.myform.resources
c:\users\cheet\documents\development\complejidad algoritmica\trabajo final\project9\x64\debug\project9.myform.resources
c:\users\cheet\documents\development\complejidad algoritmica\trabajo final\project9\x64\debug\project9.vcxproj.generateresource.cache
c:\users\cheet\documents\development\complejidad algoritmica\trabajo final\project9\x64\debug\project9.vcxprojresolveassemblyreference.cache
c:\users\cheet\documents\development\complejidad algoritmica\trabajo final\project9\x64\debug\project9.tlog\cl.command.1.tlog
c:\users\cheet\documents\development\complejidad algoritmica\trabajo final\project9\x64\debug\project9.tlog\cl.read.1.tlog
c:\users\cheet\documents\development\complejidad algoritmica\trabajo final\project9\x64\debug\project9.tlog\cl.write.1.tlog
c:\users\cheet\documents\development\complejidad algoritmica\trabajo final\project9\x64\debug\project9.tlog\link.command.1.tlog
c:\users\cheet\documents\development\complejidad algoritmica\trabajo final\project9\x64\debug\project9.tlog\link.read.1.tlog
c:\users\cheet\documents\development\complejidad algoritmica\trabajo final\project9\x64\debug\project9.tlog\link.write.1.tlog
c:\users\cheet\documents\development\complejidad algoritmica\trabajo final\project9\x64\debug\project9.tlog\metagen.read.1.tlog
c:\users\cheet\documents\development\complejidad algoritmica\trabajo final\project9\x64\debug\project9.tlog\metagen.write.1.tlog
c:\users\cheet\documents\development\complejidad algoritmica\trabajo final\project9\x64\debug\project9.tlog\project9.write.1u.tlog
c:\users\cheet\documents\development\complejidad algoritmica\trabajo final\project9\x64\debug\project9.tlog\tzres.dll.bi
